[2021-03-20 15:24:21] [info] Start Program:
Path:"C:\\Users\\Admin\\Documents\\VS Projects\\Lab1 SDA - Vector (tablou unidimensional) dinamic\\Debug\\Lab1 SDA - Vector (tablou unidimensional) dinamic.exe"
Arguments:
Working directory: "C:\\Users\\Admin\\Documents\\VS Projects\\Lab1 SDA - Vector (tablou unidimensional) dinamic\\"
Modules: Selected: C:\Users\Admin\Documents\VS Projects\Lab1 SDA - Vector (tablou unidimensional) dinamic\Debug\Lab1 SDA - Vector (tablou unidimensional) dinamic.exe Excluded: 
Sources: Selected: C:\Users\Admin\Documents\VS Projects\Lab1 SDA - Vector (tablou unidimensional) dinamic Excluded: 
Log Level: Normal
Cover Children: 0
Aggregate by file: 1
Continue after C++ exception: 0
Optimized build support: 0
Export: binary C:\Users\Admin\AppData\Local\Temp\tirfof1j.ebq 
Input coverage: 
Unified diff: 
Excluded line regular expressions: 
Substitute pdb source paths: 

[2021-03-20 15:24:21] [info] Module: C:\Users\Admin\Documents\VS Projects\Lab1 SDA - Vector (tablou unidimensional) dinamic\Debug\Lab1 SDA - Vector (tablou unidimensional) dinamic.exe is selected because it matches selected pattern: C:\Users\Admin\Documents\VS Projects\Lab1 SDA - Vector (tablou unidimensional) dinamic\Debug\Lab1 SDA - Vector (tablou unidimensional) dinamic.exe
[2021-03-20 15:24:40] [info] ----------------------------------------------------
[2021-03-20 15:24:40] [info] Coverage binary generated in file: C:\Users\Admin\AppData\Local\Temp\tirfof1j.ebq
[2021-03-20 15:24:40] [info] ----------------------------------------------------
