[2021-03-20 15:53:01] [info] Start Program:
Path:"C:\\Users\\Admin\\Documents\\VS Projects\\Lab1 SDA - Vector (tablou unidimensional) dinamic (varianta 2)\\Debug\\Lab1 SDA - Vector (tablou unidimensional) dinamic (varianta 2).exe"
Arguments:
Working directory: "C:\\Users\\Admin\\Documents\\VS Projects\\Lab1 SDA - Vector (tablou unidimensional) dinamic (varianta 2)\\"
Modules: Selected: C:\Users\Admin\Documents\VS Projects\Lab1 SDA - Vector (tablou unidimensional) dinamic (varianta 2)\Debug\Lab1 SDA - Vector (tablou unidimensional) dinamic (varianta 2).exe Excluded: 
Sources: Selected: C:\Users\Admin\Documents\VS Projects\Lab1 SDA - Vector (tablou unidimensional) dinamic (varianta 2) Excluded: 
Log Level: Normal
Cover Children: 0
Aggregate by file: 1
Continue after C++ exception: 0
Optimized build support: 0
Export: binary C:\Users\Admin\AppData\Local\Temp\usgfoyoc.q1k 
Input coverage: 
Unified diff: 
Excluded line regular expressions: 
Substitute pdb source paths: 

[2021-03-20 15:53:01] [info] Module: C:\Users\Admin\Documents\VS Projects\Lab1 SDA - Vector (tablou unidimensional) dinamic (varianta 2)\Debug\Lab1 SDA - Vector (tablou unidimensional) dinamic (varianta 2).exe is selected because it matches selected pattern: C:\Users\Admin\Documents\VS Projects\Lab1 SDA - Vector (tablou unidimensional) dinamic (varianta 2)\Debug\Lab1 SDA - Vector (tablou unidimensional) dinamic (varianta 2).exe
[2021-03-20 15:53:21] [info] ----------------------------------------------------
[2021-03-20 15:53:21] [info] Coverage binary generated in file: C:\Users\Admin\AppData\Local\Temp\usgfoyoc.q1k
[2021-03-20 15:53:21] [info] ----------------------------------------------------
